Start recording training loss ...
0	0	3.050156593322754
0	1	2.3834827542304993
0	2	2.042271296183268
0	3	2.190198063850403
0	4	2.2486294746398925
0	5	2.16731466849645
0	6	2.121543526649475
0	7	2.0279081016778946
0	8	1.9756053288777669
0	9	1.8626371622085571
0	10	1.9015650315718218
0	11	1.8756714065869649
0	12	1.849688823406513
0	13	1.8124265670776367
0	14	1.7337626854578654
0	15	1.7068490013480186
0	16	1.7270803521661198
0	17	1.7034659915500217
0	18	1.6698563224390934
0	19	1.6877570152282715
0	20	1.667494569505964
0	21	1.6076665805144743
0	22	1.5836727891279303
0	23	1.5982681525250275
0	24	1.6151042091846466
0	25	1.5998465430278044
0	26	1.5868526531590357
0	27	1.5943496876529284
0	28	1.604988711661306
0	29	1.5865092645088832
0	30	1.5981979072093964
0	31	1.6074909577146173
0	32	1.623826186765324
0	33	1.6100559594000088
0	34	1.6056972852775029
0	35	1.6037239506840706
0	36	1.6028001831995475
0	37	1.6151465875537772
0	38	1.613163805160767
0	39	1.6127107180655003
0	40	1.607871916962833
0	41	1.6144007735309147
0	42	1.6195643315481585
0	43	1.6216000027277253
0	44	1.6197581536240049
0	45	1.6045779410911643
0	46	1.5995504786359502
0	47	1.5782697678854067
0	48	1.5931915196837212
0	49	1.5950357180833816
0	50	1.6100570670529908
0	51	1.6184823266588724
0	52	1.611380494428131
0	53	1.6012446731328964
0	54	1.6055210400711406
0	55	1.5885724760591984
0	56	1.585937953309009
0	57	1.5836931071404754
0	58	1.5938731750189248
0	59	1.588987564543883
0	60	1.5901898218960058
0	61	1.5731955704189116
0	62	1.5797765250243838
0	63	1.58023153943941
0	64	1.5884170637680934
0	65	1.5984649111827214
0	66	1.5992923080921173
0	67	1.589016068069374
0	68	1.5869530029055001
0	69	1.583963879942894
0	70	1.5810016800819988
0	71	1.5734482328924868
0	72	1.5709142558378717
0	73	1.5742615835892189
0	74	1.5726467978954315
0	75	1.5644854781659026
0	76	1.5679786333015986
0	77	1.5576514781285555
0	78	1.5569824806497068
0	79	1.5506722789257765
0	80	1.5476217045460219
0	81	1.537340825287307
0	82	1.5339011395552071
0	83	1.5323788647850354
0	84	1.5213423157439512
0	85	1.5205902030994727
0	86	1.5277035952299491
0	87	1.524778069758957
0	88	1.5184041077501318
0	89	1.5155151767863169
0	90	1.5159908824569577
0	91	1.5231883827110995
0	92	1.5189123144072871
0	93	1.5230757825552148
0	94	1.5334625134342594
0	95	1.525940642071267
0	96	1.5189100316504842
0	97	1.5191049743063596
0	98	1.5203121391811756
0	99	1.5149951061606408
0	100	1.514501545393821
0	101	1.5205103810511382
0	102	1.5191590991413708
0	103	1.5163531105678816
0	104	1.5146016765208472
0	105	1.5142771137772866
0	106	1.508812985409086
0	107	1.5105245982607205
0	108	1.5152976105519391
0	109	1.5104836255311966
0	110	1.503478582109417
0	111	1.5075346883386374
0	112	1.5098998369896306
0	113	1.504842902746117
0	114	1.4983593331730884
0	115	1.4899298988025764
0	116	1.4865352992828076
0	117	1.4796866711418508
0	118	1.476310813877763
0	119	1.4773789840439955
0	120	1.4743257374310297
0	121	1.4675257838651783
0	122	1.4601781864960988
0	123	1.4537647075710758
0	124	1.452659820318222
0	125	1.4444389910925002
0	126	1.4387658463688346
0	127	1.4403252718038857
0	128	1.4414703564126363
0	129	1.4384411440445826
0	130	1.432830657667786
0	131	1.4346323564197079
0	132	1.4289882012775965
0	133	1.4324882679910802
0	134	1.4279620581203036
0	135	1.4244860138963251
0	136	1.4167053192636392
0	137	1.4170386452173842
0	138	1.4190681879040148
0	139	1.4163860054952757
0	140	1.418436828023153
0	141	1.4146540628772386
0	142	1.4160738860393738
0	143	1.4131346359435055
0	144	1.4079441187710597
0	145	1.4059777327188074
0	146	1.3998432218217525
0	147	1.396802736093869
0	148	1.3906987219448859
0	149	1.3854423008362453
0	150	1.3812593231532748
0	151	1.3785850293934345
0	152	1.3756284984498242
0	153	1.3691703324968165
0	154	1.36353392716377
0	155	1.3619321642013698
0	156	1.35767690619086
0	157	1.3511629513924635
0	158	1.3522580758955494
0	159	1.3468396198004484
0	160	1.3406903828893388
0	161	1.3373905622664792
0	162	1.3338250612920046
0	163	1.327915299411227
0	164	1.3267241609819007
0	165	1.3231464475393295
0	166	1.3188941284211095
0	167	1.3146230363774867
0	168	1.3102897767131851
0	169	1.3040254485957763
0	170	1.2976038705187234
0	171	1.2929796529717223
0	172	1.2864392042332302
0	173	1.2798638873915562
0	174	1.273312464952469
0	175	1.2688540452244608
0	176	1.2641386846027804
0	177	1.2617512799046013
0	178	1.2562964323845656
0	179	1.2495622237523396
0	180	1.2458073519870063
0	181	1.2416163517551109
0	182	1.2367579492389178
0	183	1.2323551072698573
0	184	1.227694906415166
0	185	1.2264052693561842
0	186	1.2238051349466497
0	187	1.217440100416462
0	188	1.2111416712659535
0	189	1.2066546104162148
0	190	1.2004559394362242
0	191	1.1955974994634744
0	192	1.1936297489359124
0	193	1.190684026827287
0	194	1.1930639176892164
0	195	1.1894011068804076
0	196	1.1863327598303255
0	197	1.183169362530338
0	198	1.1788229193613307
0	199	1.173255661027506
0	200	1.1682247182641605
0	201	1.1632505914675866
0	202	1.1596604516371865
0	203	1.1569568524776281
0	204	1.1535896828716121
0	205	1.1482718202728526
0	206	1.145058382311521
0	207	1.1411902730335266
0	208	1.1364750069918101
0	209	1.131573874707378
0	210	1.129241104189183
0	211	1.1263207290936612
0	212	1.1212811770241164
0	213	1.1173336144588957
0	214	1.1138108677035847
0	215	1.1110392386110983
0	216	1.1061460833206842
0	217	1.1014025976983917
0	218	1.0971003982523397
0	219	1.0934473830952562
0	220	1.0897812950614485
0	221	1.0854144335413973
0	222	1.080679221947431
0	223	1.0760804944522013
0	224	1.0725380122909944
0	225	1.0688931536737136
0	226	1.0663918580630145
0	227	1.0644833841197716
0	228	1.0605927879096508
0	229	1.0573882289797716
0	230	1.0531682738413413
0	231	1.0492501646071544
0	232	1.0460268464259195
0	233	1.042840572941698
0	234	1.0387153541391834
0	235	1.0348904165281456
0	236	1.0315690570852802
0	237	1.0275891836685669
0	238	1.0234039817862681
0	239	1.0196711666726819
0	240	1.0170805483778236
0	241	1.013472302439661
0	242	1.0094405841465595
0	243	1.0068786149905598
0	244	1.0031200230881876
0	245	0.9996085970897258
0	246	0.9956799112184931
0	247	0.9925331779860801
0	248	0.9906925900229608
0	249	0.98770442802459
0	250	0.9850895521843219
0	251	0.9813947890412121
0	252	0.9782064875639357
0	253	0.9744858133320616
0	254	0.9714535892521049
0	255	0.969321838048927
0	256	0.9659209153343151
0	257	0.9630160768292555
0	258	0.9600940833378828
0	259	0.9573500751231152
0	260	0.954326650584509
0	261	0.9507966500116896
0	262	0.9473413949258653
0	263	0.9444465937629116
0	264	0.9414607477216226
0	265	0.9379778996677159
0	266	0.9349309608570477
0	267	0.9315397222005108
0	268	0.9288219770998262
0	269	0.9256461206927068
0	270	0.9225283653829316
0	271	0.920084865157739
0	272	0.9167452875743092
0	273	0.9158031122323914
0	274	0.9126388292895122
0	275	0.9116433212007193
0	276	0.9087633578180729
0	277	0.9062194084453818
0	278	0.9040251174427596
0	279	0.9029585888276674
0	280	0.900248753742126
0	281	0.8976019191232028
0	282	0.8957233709536572
0	283	0.8926961668111174
0	284	0.8904085770053299
0	285	0.887482153948631
0	286	0.8847864892022224
0	287	0.8823017161145496
0	288	0.8794811213885315
0	289	0.876728862042314
0	290	0.8743470518872193
0	291	0.8715892168820822
0	292	0.868679937877956
0	293	0.8674188341666647
0	294	0.8657231914037365
0	295	0.8628519016909539
0	296	0.8599867303714608
0	297	0.8592897820342708
0	298	0.8565468237701068
0	299	0.8547146362811326
0	300	0.8519125979987787
0	301	0.84958076878568
0	302	0.8468674094824999
0	303	0.8451620905084143
0	304	0.8424536341465398
0	305	0.840328219176264
0	306	0.8383053280473823
0	307	0.836857218386049
0	308	0.8347346984681864
0	309	0.832127682774538
0	310	0.8295201545766887
0	311	0.8270409574063543
0	312	0.8249617911899052
0	313	0.8229039256122841
0	314	0.8206066362441532
0	315	0.818070745219394
0	316	0.8155423017565384
0	317	0.8131235894284345
0	318	0.81228920641037
0	319	0.8101878544897773
0	320	0.8079527235267875
0	321	0.8063499379023817
0	322	0.803890060789122
0	323	0.8031811505199674
0	324	0.8020636507926079
0	325	0.799692905645109
0	326	0.7974314186949887
0	327	0.7951508778567631
0	328	0.7935347325114765
0	329	0.791332935852309
0	330	0.7892444425197797
0	331	0.7871441628772721
0	332	0.7848382022891853
0	333	0.783539241023674
0	334	0.7816395417856636
0	335	0.7793865915210474
0	336	0.7778636572622758
0	337	0.7763387909125999
0	338	0.7741213271663604
0	339	0.7730218495954485
0	340	0.77128686911025
0	341	0.7691947748089394
0	342	0.7670746227677466
0	343	0.7668806076331367
0	344	0.7655583439637785
0	345	0.7635191677924181
0	346	0.761875611582304
0	347	0.760365788471596
0	348	0.7583469474917667
0	349	0.7563947307957071
0	350	0.7543260592892979
0	351	0.7525760466867889
0	352	0.7511189646449035
0	353	0.7500562186084562
0	354	0.7479862985791454
0	355	0.7459354620489679
0	356	0.7438893757358778
0	357	0.742472305610339
0	358	0.7410237756025949
0	359	0.7393144662673068
0	360	0.7386238458243888
0	361	0.7366991333575992
0	362	0.7349851685896844
0	363	0.73370786677217
0	364	0.7320581820193831
0	365	0.7308998685508274
0	366	0.729001223815133
0	367	0.7275550946284531
0	368	0.7259769099045211
0	369	0.7250027101763801
0	370	0.7231254040657711
0	371	0.7216727772892844
0	372	0.7207935422923586
0	373	0.7189166150255039
0	374	0.7171901356404027
0	375	0.7158913324671262
0	376	0.7141836928302516
0	377	0.7127121302998926
0	378	0.7110704604098893
0	379	0.7097369180134449
0	380	0.7097633290385675
0	381	0.7084176733295058
0	382	0.7099210661386113
0	383	0.7083001579570313
0	384	0.707146158662032
0	385	0.705935306617884
0	386	0.7041489595369236
0	387	0.7027599685825408
0	388	0.7020132626935954
0	389	0.7002569988369942
0	390	0.6985116532486876
0	391	0.6979678390376574
0	392	0.6975899528399223
0	393	0.6959080275261614
0	394	0.6948657086849968
0	395	0.6931750709049855
0	396	0.691478263671212
